[2023-11-12 06:01:04] local.ERROR: In order to use the Auth::routes() method, please install the laravel/ui package. {"exception":"[object] (RuntimeException(code: 0): In order to use the Auth::routes() method, please install the laravel/ui package. at /Users/jesseandersen/Sites/portfolio-projects/php-laravel-docker/vendor/laravel/framework/src/Illuminate/Support/Facades/Auth.php:93)
[stacktrace]
#0 /Users/jesseandersen/Sites/portfolio-projects/php-laravel-docker/routes/web.php(18): Illuminate\\Support\\Facades\\Auth::routes()
#1 /Users/jesseandersen/Sites/portfolio-projects/php-laravel-docker/vendor/laravel/framework/src/Illuminate/Routing/RouteFileRegistrar.php(35): require('/Users/jesseand...')
#2 /Users/jesseandersen/Sites/portfolio-projects/php-laravel-docker/vendor/laravel/framework/src/Illuminate/Routing/Router.php(503): Illuminate\\Routing\\RouteFileRegistrar->register('/Users/jesseand...')
#3 /Users/jesseandersen/Sites/portfolio-projects/php-laravel-docker/vendor/laravel/framework/src/Illuminate/Routing/Router.php(457): Illuminate\\Routing\\Router->loadRoutes('/Users/jesseand...')
#4 /Users/jesseandersen/Sites/portfolio-projects/php-laravel-docker/vendor/laravel/framework/src/Illuminate/Routing/RouteRegistrar.php(192): Illuminate\\Routing\\Router->group(Array, '/Users/jesseand...')
#5 /Users/jesseandersen/Sites/portfolio-projects/php-laravel-docker/app/Providers/RouteServiceProvider.php(56): Illuminate\\Routing\\RouteRegistrar->group('/Users/jesseand...')
#6 /Users/jesseandersen/Sites/portfolio-projects/php-laravel-docker/app/Providers/RouteServiceProvider.php(40): App\\Providers\\RouteServiceProvider->mapWebRoutes()
#7 /Users/jesseandersen/Sites/portfolio-projects/php-laravel-docker/vendor/laravel/framework/src/Illuminate/Container/BoundMethod.php(36): App\\Providers\\RouteServiceProvider->map()
#8 /Users/jesseandersen/Sites/portfolio-projects/php-laravel-docker/vendor/laravel/framework/src/Illuminate/Container/Util.php(41): Illuminate\\Container\\BoundMethod::Illuminate\\Container\\{closure}()
#9 /Users/jesseandersen/Sites/portfolio-projects/php-laravel-docker/vendor/laravel/framework/src/Illuminate/Container/BoundMethod.php(93): Illuminate\\Container\\Util::unwrapIfClosure(Object(Closure))
#10 /Users/jesseandersen/Sites/portfolio-projects/php-laravel-docker/vendor/laravel/framework/src/Illuminate/Container/BoundMethod.php(37): Illuminate\\Container\\BoundMethod::callBoundMethod(Object(Illuminate\\Foundation\\Application), Array, Object(Closure))
#11 /Users/jesseandersen/Sites/portfolio-projects/php-laravel-docker/vendor/laravel/framework/src/Illuminate/Container/Container.php(661): Illuminate\\Container\\BoundMethod::call(Object(Illuminate\\Foundation\\Application), Array, Array, NULL)
#12 /Users/jesseandersen/Sites/portfolio-projects/php-laravel-docker/vendor/laravel/framework/src/Illuminate/Foundation/Support/Providers/RouteServiceProvider.php(122): Illuminate\\Container\\Container->call(Array)
#13 /Users/jesseandersen/Sites/portfolio-projects/php-laravel-docker/vendor/laravel/framework/src/Illuminate/Foundation/Support/Providers/RouteServiceProvider.php(45): Illuminate\\Foundation\\Support\\Providers\\RouteServiceProvider->loadRoutes()
#14 /Users/jesseandersen/Sites/portfolio-projects/php-laravel-docker/vendor/laravel/framework/src/Illuminate/Container/BoundMethod.php(36): Illuminate\\Foundation\\Support\\Providers\\RouteServiceProvider->Illuminate\\Foundation\\Support\\Providers\\{closure}()
#15 /Users/jesseandersen/Sites/portfolio-projects/php-laravel-docker/vendor/laravel/framework/src/Illuminate/Container/Util.php(41): Illuminate\\Container\\BoundMethod::Illuminate\\Container\\{closure}()
#16 /Users/jesseandersen/Sites/portfolio-projects/php-laravel-docker/vendor/laravel/framework/src/Illuminate/Container/BoundMethod.php(81): Illuminate\\Container\\Util::unwrapIfClosure(Object(Closure))
#17 /Users/jesseandersen/Sites/portfolio-projects/php-laravel-docker/vendor/laravel/framework/src/Illuminate/Container/BoundMethod.php(37): Illuminate\\Container\\BoundMethod::callBoundMethod(Object(Illuminate\\Foundation\\Application), Object(Closure), Object(Closure))
#18 /Users/jesseandersen/Sites/portfolio-projects/php-laravel-docker/vendor/laravel/framework/src/Illuminate/Container/Container.php(661): Illuminate\\Container\\BoundMethod::call(Object(Illuminate\\Foundation\\Application), Object(Closure), Array, NULL)
#19 /Users/jesseandersen/Sites/portfolio-projects/php-laravel-docker/vendor/laravel/framework/src/Illuminate/Support/ServiceProvider.php(119): Illuminate\\Container\\Container->call(Object(Closure))
#20 /Users/jesseandersen/Sites/portfolio-projects/php-laravel-docker/vendor/laravel/framework/src/Illuminate/Foundation/Application.php(932): Illuminate\\Support\\ServiceProvider->callBootedCallbacks()
#21 /Users/jesseandersen/Sites/portfolio-projects/php-laravel-docker/vendor/laravel/framework/src/Illuminate/Foundation/Application.php(910): Illuminate\\Foundation\\Application->bootProvider(Object(App\\Providers\\RouteServiceProvider))
#22 [internal function]: Illuminate\\Foundation\\Application->Illuminate\\Foundation\\{closure}(Object(App\\Providers\\RouteServiceProvider), 23)
#23 /Users/jesseandersen/Sites/portfolio-projects/php-laravel-docker/vendor/laravel/framework/src/Illuminate/Foundation/Application.php(911): array_walk(Array, Object(Closure))
#24 /Users/jesseandersen/Sites/portfolio-projects/php-laravel-docker/vendor/laravel/framework/src/Illuminate/Foundation/Bootstrap/BootProviders.php(17): Illuminate\\Foundation\\Application->boot()
#25 /Users/jesseandersen/Sites/portfolio-projects/php-laravel-docker/vendor/laravel/framework/src/Illuminate/Foundation/Application.php(242): Illuminate\\Foundation\\Bootstrap\\BootProviders->bootstrap(Object(Illuminate\\Foundation\\Application))
#26 /Users/jesseandersen/Sites/portfolio-projects/php-laravel-docker/vendor/laravel/framework/src/Illuminate/Foundation/Console/Kernel.php(383): Illuminate\\Foundation\\Application->bootstrapWith(Array)
#27 /Users/jesseandersen/Sites/portfolio-projects/php-laravel-docker/vendor/laravel/framework/src/Illuminate/Foundation/Console/Kernel.php(153): Illuminate\\Foundation\\Console\\Kernel->bootstrap()
#28 /Users/jesseandersen/Sites/portfolio-projects/php-laravel-docker/artisan(37): Illuminate\\Foundation\\Console\\Kernel->handle(Object(Symfony\\Component\\Console\\Input\\ArgvInput), Object(Symfony\\Component\\Console\\Output\\ConsoleOutput))
#29 {main}
"} 
